<?xml version="1.0" encoding="UTF-8"?>
<testsuite xmlns:xsi="http://www.w3.org/2001/XMLSchema-instance" xsi:noNamespaceSchemaLocation="https://maven.apache.org/surefire/maven-surefire-plugin/xsd/surefire-test-report.xsd" version="3.0.2" name="MySecondTest" time="5.392" tests="1" errors="0" skipped="0" failures="0">
  <properties>
[...]
</properties>
  <testcase name="performTestSearchTwo" classname="MySecondTest" time="5.39">
    <system-err><![CDATA[[main] INFO com.codeborne.selenide.impl.WebDriverThreadLocalContainer - No webdriver is bound to current thread: 1 - let's create a new webdriver
[main] INFO com.codeborne.selenide.impl.FileHelper - Creating folder: /Users/aliaksei/Documents/ProjectTemplates/selenide-allure-web-test/build/downloads/1723194651289_71297_1
[main] INFO com.codeborne.selenide.webdriver.WebDriverFactory - BrowserName=chrome Version=127.0.6533.100 Platform=mac
[main] INFO com.codeborne.selenide.webdriver.WebDriverFactory - Selenide v. 7.3.1
[main] INFO com.codeborne.selenide.webdriver.WebDriverFactory - Selenium WebDriver v. 4.23.0 build revision: 4df0a231af
[main] INFO com.codeborne.selenide.drivercommands.CreateDriverCommand - Created webdriver in thread 1: ChromeDriver -> ChromeDriver: chrome on mac (2bee5366e3b1278f10c7199e80efdf66), downloadsFolder: /Users/aliaksei/Documents/ProjectTemplates/selenide-allure-web-test/build/downloads/1723194651289_71297_1
[main] INFO com.codeborne.selenide.drivercommands.DisposablesRegistry - Register WebDriverInstance[config=StaticConfig, webDriver=ChromeDriver: chrome on mac (2bee5366e3b1278f10c7199e80efdf66), proxy=null, downloadsFolder=/Users/aliaksei/Documents/ProjectTemplates/selenide-allure-web-test/build/downloads/1723194651289_71297_1] in 1 [size=1]
[main] INFO com.codeborne.selenide.impl.FileHelper - Deleted empty folder: /Users/aliaksei/Documents/ProjectTemplates/selenide-allure-web-test/build/downloads/1723194651289_71297_1
[main] INFO com.codeborne.selenide.drivercommands.CloseDriverCommand - Close webdriver: 1 -> ChromeDriver: chrome on mac (2bee5366e3b1278f10c7199e80efdf66)...
[main] INFO com.codeborne.selenide.drivercommands.CloseDriverCommand - Closed webdriver 1 in 227 ms
[main] INFO com.codeborne.selenide.drivercommands.DisposablesRegistry - Unregister WebDriverInstance[config=StaticConfig, webDriver=ChromeDriver: chrome on mac (null), proxy=null, downloadsFolder=/Users/aliaksei/Documents/ProjectTemplates/selenide-allure-web-test/build/downloads/1723194651289_71297_1] in 1 [size=0]
]]></system-err>
  </testcase>
</testsuite>